1656383114.702891 client started (598733): version 3.0a, socket /tmp/tmux-1000/default, protocol 8
1656383114.702906 on Linux 5.13.0-51-generic #58~20.04.1-Ubuntu SMP Tue Jun 14 11:29:12 UTC 2022; libevent 2.1.11-stable (poll)
1656383114.702914 socket is /tmp/tmux-1000/default
1656383114.702920 trying connect
1656383114.702953 add peer 0x55e96a864ae0: 6 ((nil))
1656383114.702990 sending message 100 to peer 0x55e96a864ae0 (4 bytes)
1656383114.702995 sending message 101 to peer 0x55e96a864ae0 (16 bytes)
1656383114.702997 sending message 102 to peer 0x55e96a864ae0 (11 bytes)
1656383114.702999 sending message 108 to peer 0x55e96a864ae0 (20 bytes)
1656383114.703001 sending message 104 to peer 0x55e96a864ae0 (0 bytes)
1656383114.703004 sending message 107 to peer 0x55e96a864ae0 (4 bytes)
1656383114.703006 sending message 105 to peer 0x55e96a864ae0 (61 bytes)
1656383114.703008 sending message 105 to peer 0x55e96a864ae0 (20 bytes)
1656383114.703010 sending message 105 to peer 0x55e96a864ae0 (54 bytes)
1656383114.703012 sending message 105 to peer 0x55e96a864ae0 (51 bytes)
1656383114.703014 sending message 105 to peer 0x55e96a864ae0 (23 bytes)
1656383114.703016 sending message 105 to peer 0x55e96a864ae0 (19 bytes)
1656383114.703019 sending message 105 to peer 0x55e96a864ae0 (36 bytes)
1656383114.703021 sending message 105 to peer 0x55e96a864ae0 (46 bytes)
1656383114.703023 sending message 105 to peer 0x55e96a864ae0 (30 bytes)
1656383114.703025 sending message 105 to peer 0x55e96a864ae0 (32 bytes)
1656383114.703027 sending message 105 to peer 0x55e96a864ae0 (22 bytes)
1656383114.703029 sending message 105 to peer 0x55e96a864ae0 (23 bytes)
1656383114.703031 sending message 105 to peer 0x55e96a864ae0 (25 bytes)
1656383114.703033 sending message 105 to peer 0x55e96a864ae0 (19 bytes)
1656383114.703035 sending message 105 to peer 0x55e96a864ae0 (77 bytes)
1656383114.703037 sending message 105 to peer 0x55e96a864ae0 (18 bytes)
1656383114.703039 sending message 105 to peer 0x55e96a864ae0 (21 bytes)
1656383114.703042 sending message 105 to peer 0x55e96a864ae0 (22 bytes)
1656383114.703044 sending message 105 to peer 0x55e96a864ae0 (53 bytes)
1656383114.703046 sending message 105 to peer 0x55e96a864ae0 (26 bytes)
1656383114.703048 sending message 105 to peer 0x55e96a864ae0 (1569 bytes)
1656383114.703057 sending message 105 to peer 0x55e96a864ae0 (18 bytes)
1656383114.703059 sending message 105 to peer 0x55e96a864ae0 (44 bytes)
1656383114.703061 sending message 105 to peer 0x55e96a864ae0 (32 bytes)
1656383114.703063 sending message 105 to peer 0x55e96a864ae0 (86 bytes)
1656383114.703066 sending message 105 to peer 0x55e96a864ae0 (30 bytes)
1656383114.703068 sending message 105 to peer 0x55e96a864ae0 (52 bytes)
1656383114.703070 sending message 105 to peer 0x55e96a864ae0 (28 bytes)
1656383114.703072 sending message 105 to peer 0x55e96a864ae0 (33 bytes)
1656383114.703074 sending message 105 to peer 0x55e96a864ae0 (15 bytes)
1656383114.703076 sending message 105 to peer 0x55e96a864ae0 (16 bytes)
1656383114.703078 sending message 105 to peer 0x55e96a864ae0 (18 bytes)
1656383114.703080 sending message 105 to peer 0x55e96a864ae0 (47 bytes)
1656383114.703082 sending message 105 to peer 0x55e96a864ae0 (24 bytes)
1656383114.703084 sending message 105 to peer 0x55e96a864ae0 (17 bytes)
1656383114.703086 sending message 105 to peer 0x55e96a864ae0 (67 bytes)
1656383114.703088 sending message 105 to peer 0x55e96a864ae0 (34 bytes)
1656383114.703090 sending message 105 to peer 0x55e96a864ae0 (32 bytes)
1656383114.703092 sending message 105 to peer 0x55e96a864ae0 (13 bytes)
1656383114.703094 sending message 105 to peer 0x55e96a864ae0 (1506 bytes)
1656383114.703097 sending message 105 to peer 0x55e96a864ae0 (16 bytes)
1656383114.703099 sending message 105 to peer 0x55e96a864ae0 (54 bytes)
1656383114.703102 sending message 105 to peer 0x55e96a864ae0 (18 bytes)
1656383114.703104 sending message 105 to peer 0x55e96a864ae0 (168 bytes)
1656383114.703106 sending message 105 to peer 0x55e96a864ae0 (10 bytes)
1656383114.703108 sending message 105 to peer 0x55e96a864ae0 (87 bytes)
1656383114.703115 sending message 105 to peer 0x55e96a864ae0 (24 bytes)
1656383114.703117 sending message 105 to peer 0x55e96a864ae0 (106 bytes)
1656383114.703119 sending message 105 to peer 0x55e96a864ae0 (19 bytes)
1656383114.703121 sending message 105 to peer 0x55e96a864ae0 (18 bytes)
1656383114.703123 sending message 105 to peer 0x55e96a864ae0 (73 bytes)
1656383114.703125 sending message 105 to peer 0x55e96a864ae0 (18 bytes)
1656383114.703127 sending message 105 to peer 0x55e96a864ae0 (36 bytes)
1656383114.703129 sending message 105 to peer 0x55e96a864ae0 (38 bytes)
1656383114.703132 sending message 105 to peer 0x55e96a864ae0 (2808 bytes)
1656383114.703137 sending message 105 to peer 0x55e96a864ae0 (21 bytes)
1656383114.703139 sending message 105 to peer 0x55e96a864ae0 (35 bytes)
1656383114.703141 sending message 105 to peer 0x55e96a864ae0 (14 bytes)
1656383114.703143 sending message 105 to peer 0x55e96a864ae0 (35 bytes)
1656383114.703145 sending message 105 to peer 0x55e96a864ae0 (17 bytes)
1656383114.703147 sending message 105 to peer 0x55e96a864ae0 (84 bytes)
1656383114.703149 sending message 105 to peer 0x55e96a864ae0 (19 bytes)
1656383114.703151 sending message 105 to peer 0x55e96a864ae0 (8 bytes)
1656383114.703153 sending message 105 to peer 0x55e96a864ae0 (52 bytes)
1656383114.703156 sending message 105 to peer 0x55e96a864ae0 (21 bytes)
1656383114.703158 sending message 105 to peer 0x55e96a864ae0 (37 bytes)
1656383114.703160 sending message 105 to peer 0x55e96a864ae0 (13 bytes)
1656383114.703162 sending message 105 to peer 0x55e96a864ae0 (15 bytes)
1656383114.703164 sending message 105 to peer 0x55e96a864ae0 (10 bytes)
1656383114.703166 sending message 105 to peer 0x55e96a864ae0 (14 bytes)
1656383114.703168 sending message 105 to peer 0x55e96a864ae0 (17 bytes)
1656383114.703170 sending message 105 to peer 0x55e96a864ae0 (13 bytes)
1656383114.703172 sending message 105 to peer 0x55e96a864ae0 (45 bytes)
1656383114.703174 sending message 105 to peer 0x55e96a864ae0 (35 bytes)
1656383114.703176 sending message 105 to peer 0x55e96a864ae0 (33 bytes)
1656383114.703178 sending message 105 to peer 0x55e96a864ae0 (85 bytes)
1656383114.703180 sending message 105 to peer 0x55e96a864ae0 (23 bytes)
1656383114.703182 sending message 105 to peer 0x55e96a864ae0 (31 bytes)
1656383114.703184 sending message 105 to peer 0x55e96a864ae0 (23 bytes)
1656383114.703186 sending message 105 to peer 0x55e96a864ae0 (27 bytes)
1656383114.703188 sending message 105 to peer 0x55e96a864ae0 (21 bytes)
1656383114.703190 sending message 105 to peer 0x55e96a864ae0 (20 bytes)
1656383114.703192 sending message 105 to peer 0x55e96a864ae0 (17 bytes)
1656383114.703194 sending message 105 to peer 0x55e96a864ae0 (32 bytes)
1656383114.703197 sending message 105 to peer 0x55e96a864ae0 (40 bytes)
1656383114.703198 sending message 105 to peer 0x55e96a864ae0 (45 bytes)
1656383114.703201 sending message 105 to peer 0x55e96a864ae0 (46 bytes)
1656383114.703203 sending message 105 to peer 0x55e96a864ae0 (29 bytes)
1656383114.703205 sending message 105 to peer 0x55e96a864ae0 (46 bytes)
1656383114.703207 sending message 105 to peer 0x55e96a864ae0 (29 bytes)
1656383114.703209 sending message 105 to peer 0x55e96a864ae0 (29 bytes)
1656383114.703211 sending message 105 to peer 0x55e96a864ae0 (21 bytes)
1656383114.703213 sending message 105 to peer 0x55e96a864ae0 (36 bytes)
1656383114.703215 sending message 105 to peer 0x55e96a864ae0 (29 bytes)
1656383114.703217 sending message 105 to peer 0x55e96a864ae0 (21 bytes)
1656383114.703219 sending message 105 to peer 0x55e96a864ae0 (16 bytes)
1656383114.703221 sending message 105 to peer 0x55e96a864ae0 (23 bytes)
1656383114.703223 sending message 105 to peer 0x55e96a864ae0 (46 bytes)
1656383114.703225 sending message 105 to peer 0x55e96a864ae0 (25 bytes)
1656383114.703227 sending message 105 to peer 0x55e96a864ae0 (38 bytes)
1656383114.703229 sending message 105 to peer 0x55e96a864ae0 (35 bytes)
1656383114.703231 sending message 105 to peer 0x55e96a864ae0 (42 bytes)
1656383114.703233 sending message 105 to peer 0x55e96a864ae0 (21 bytes)
1656383114.703238 sending message 105 to peer 0x55e96a864ae0 (17 bytes)
1656383114.703240 sending message 105 to peer 0x55e96a864ae0 (12 bytes)
1656383114.703242 sending message 106 to peer 0x55e96a864ae0 (0 bytes)
1656383114.703244 sending message 200 to peer 0x55e96a864ae0 (4 bytes)
1656383114.703246 client loop enter
1656383114.703504 peer 0x55e96a864ae0 message 211
1656383114.703510 client_write: sessions should be nested with care, unset $TMUX to force\n
1656383114.703517 peer 0x55e96a864ae0 message 203
1656383114.703520 client loop exit
